2016-11-03 12:33:37.8415 INFO Controller: Game  ActionName : GetAllGames  Time : 0.871085
2016-11-03 12:34:04.6238 INFO Controller: Game  ActionName : GetAllGames  Time : 0.0043328
2016-11-03 12:39:41.2593 INFO Controller: Game  ActionName : GetAllGames  Time : 11.9069054
2016-11-03 13:07:58.4579 INFO Controller: Game  ActionName : GetAllGames  Time : 11.9768404
2016-11-03 13:10:42.5675 INFO Controller: Game  ActionName : GetAllGames  Time : 0.7158227
2016-11-03 13:11:25.2282 INFO Controller: Game  ActionName : GetGameByKey  Time : 0.0227489
2016-11-04 15:17:42.3685 INFO Controller: Game  ActionName : GetAllGames  Time : 1.5424493
2016-11-04 15:19:34.0167 INFO Controller: Game  ActionName : GetAllGames  Time : 0.6792254
2016-11-04 15:26:44.9893 INFO Controller: Game  ActionName : GetAllGames  Time : 0.6347043
2016-11-04 15:27:15.1946 INFO Controller: Game  ActionName : GetGameByKey  Time : 0.0067512
2016-11-04 15:32:23.1404 INFO Controller: Game  ActionName : GetAllGames  Time : 0.686735
2016-11-04 15:34:21.7089 INFO Controller: Game  ActionName : GetAllGames  Time : 0.6509057
2016-11-04 17:42:22.5839 INFO Controller: Game  ActionName : GetAllGames  Time : 0.6664285
2016-11-04 17:42:44.2820 INFO Controller: Comment  ActionName : Comments  Time : 0.0267493
2016-11-04 17:43:13.8806 INFO Controller: Game  ActionName : GetAllGames  Time : 0.942181
2016-11-04 17:44:13.1503 INFO Controller: Game  ActionName : GetAllGames  Time : 0.6301746
2016-11-04 17:45:16.0448 INFO Controller: Game  ActionName : GetGameByKey  Time : 0.0318595
2016-11-04 17:46:49.5549 INFO Controller: Game  ActionName : GetAllGames  Time : 0.6350704
2016-11-04 17:47:14.3352 INFO Controller: Game  ActionName : GetGameByKey  Time : 0.0092057
2016-11-04 17:55:25.2966 INFO Controller: Game  ActionName : GetAllGames  Time : 0.630121
2016-11-04 17:57:38.0195 INFO Controller: Game  ActionName : GetAllGames  Time : 0.6406105
2016-11-04 17:58:36.1957 INFO Controller: Comment  ActionName : comments  Time : 14.0362056
2016-11-04 17:58:40.1745 INFO Controller: Comment  ActionName : comments  Time : 14.0362056
2016-11-04 18:00:04.6523 INFO Controller: Game  ActionName : GetAllGames  Time : 0.6753264
2016-11-04 18:01:27.8311 INFO Controller: Game  ActionName : GetAllGames  Time : 0.6365864
2016-11-04 18:02:14.8281 INFO Controller: Comment  ActionName : comments  Time : 33.1734109
2016-11-05 01:10:34.2891 INFO Controller: Game  ActionName : GetAllGames  Time : 18,7714036
